FUNCTION  <SNR>87_CanAutoReloadStatus()
Called 1 time
Total time:   0.000016
 Self time:   0.000016

count  total (s)   self (s)
    1              0.000015   return get(g:, 'fugitive_autoreload_status', !has('win32'))

FUNCTION  <SNR>87_AutoReloadStatus()
Called 1 time
Total time:   0.000274
 Self time:   0.000041

count  total (s)   self (s)
    1   0.000039   0.000023   if s:CanAutoReloadStatus()
    1   0.000233   0.000016     return call('fugitive#ReloadStatus', a:000)
                              endif

FUNCTION  fugitive#ReloadStatus()
Called 1 time
Total time:   0.000217
 Self time:   0.000217

count  total (s)   self (s)
    1              0.000005   if exists('s:reloading_status')
                                return
                              endif
    1              0.000002   try
    1              0.000004     let s:reloading_status = 1
    1              0.000003     let mytab = tabpagenr()
    3              0.000014     for tab in [mytab] + range(1,tabpagenr('$'))
    4              0.000016       for winnr in range(1,tabpagewinnr(tab,'$'))
    2              0.000016         if getbufvar(tabpagebuflist(tab)[winnr-1],'fugitive_type') ==# 'index'
                                      execute 'tabnext '.tab
                                      if winnr != winnr()
                                        execute winnr.'wincmd w'
                                        let restorewinnr = 1
                                      endif
                                      try
                                        if !&modified
                                          exe s:ReloadStatus()
                                        endif
                                      finally
                                        if exists('restorewinnr')
                                          unlet restorewinnr
                                          wincmd p
                                        endif
                                        execute 'tabnext '.mytab
                                      endtry
                                    endif
    2              0.000014       endfor
    2              0.000002     endfor
    1              0.000001   finally
    1              0.000002     unlet! s:reloading_status
    1              0.000001   endtry

FUNCTIONS SORTED ON TOTAL TIME
count  total (s)   self (s)  function
    1   0.000274   0.000041  <SNR>87_AutoReloadStatus()
    1   0.000217             fugitive#ReloadStatus()
    1   0.000016             <SNR>87_CanAutoReloadStatus()

FUNCTIONS SORTED ON SELF TIME
count  total (s)   self (s)  function
    1              0.000217  fugitive#ReloadStatus()
    1   0.000274   0.000041  <SNR>87_AutoReloadStatus()
    1              0.000016  <SNR>87_CanAutoReloadStatus()

